[INFO] Scanning for projects...
[INFO] 
[INFO] -------------------------< sk.fitness:backend >-------------------------
[INFO] Building Bakalarka-backend 0.0.1-SNAPSHOT
[INFO]   from pom.xml
[INFO] --------------------------------[ jar ]---------------------------------
[INFO] 
[INFO] --- resources:3.3.1:resources (default-resources) @ backend ---
[INFO] Copying 2 resources from src\main\resources to target\classes
[INFO] Copying 8 resources from src\main\resources to target\classes
[INFO] 
[INFO] --- compiler:3.13.0:compile (default-compile) @ backend ---
[INFO] Recompiling the module because of changed source code.
[INFO] Compiling 70 source files with javac [debug parameters release 17] to target\classes
[INFO] /C:/Users/david/Desktop/Bakalarka-backend/src/main/java/sk/fitness/backend/GenerateSecret.java: Some input files use or override a deprecated API.
[INFO] /C:/Users/david/Desktop/Bakalarka-backend/src/main/java/sk/fitness/backend/GenerateSecret.java: Recompile with -Xlint:deprecation for details.
[INFO] /C:/Users/david/Desktop/Bakalarka-backend/src/main/java/sk/fitness/backend/controller/WorkoutController.java: C:\Users\david\Desktop\Bakalarka-backend\src\main\java\sk\fitness\backend\controller\WorkoutController.java uses unchecked or unsafe operations.
[INFO] /C:/Users/david/Desktop/Bakalarka-backend/src/main/java/sk/fitness/backend/controller/WorkoutController.java: Recompile with -Xlint:unchecked for details.
[INFO] -------------------------------------------------------------
[ERROR] COMPILATION ERROR : 
[INFO] -------------------------------------------------------------
[ERROR] /C:/Users/david/Desktop/Bakalarka-backend/src/main/java/sk/fitness/backend/controller/MembershipController.java:[124,41] cannot find symbol
  symbol:   method isAutoRenew()
  location: variable m of type sk.fitness.backend.model.Membership
[ERROR] /C:/Users/david/Desktop/Bakalarka-backend/src/main/java/sk/fitness/backend/controller/MembershipController.java:[246,41] cannot find symbol
  symbol:   method isAutoRenew()
  location: variable m of type sk.fitness.backend.model.Membership
[INFO] 2 errors 
[INFO] -------------------------------------------------------------
[INFO] ------------------------------------------------------------------------
[INFO] BUILD FAILURE
[INFO] ------------------------------------------------------------------------
[INFO] Total time:  23.654 s
[INFO] Finished at: 2026-04-09T15:24:31+02:00
[INFO] ------------------------------------------------------------------------
[ERROR] Failed to execute goal org.apache.maven.plugins:maven-compiler-plugin:3.13.0:compile (default-compile) on project backend: Compilation failure: Compilation failure: 
[ERROR] /C:/Users/david/Desktop/Bakalarka-backend/src/main/java/sk/fitness/backend/controller/MembershipController.java:[124,41] cannot find symbol
[ERROR]   symbol:   method isAutoRenew()
[ERROR]   location: variable m of type sk.fitness.backend.model.Membership
[ERROR] /C:/Users/david/Desktop/Bakalarka-backend/src/main/java/sk/fitness/backend/controller/MembershipController.java:[246,41] cannot find symbol
[ERROR]   symbol:   method isAutoRenew()
[ERROR]   location: variable m of type sk.fitness.backend.model.Membership
[ERROR] -> [Help 1]
[ERROR] 
[ERROR] To see the full stack trace of the errors, re-run Maven with the -e switch.
[ERROR] Re-run Maven using the -X switch to enable full debug logging.
[ERROR] 
[ERROR] For more information about the errors and possible solutions, please read the following articles:
[ERROR] [Help 1] http://cwiki.apache.org/confluence/display/MAVEN/MojoFailureException
